0 info it worked if it ends with ok
1 verbose cli [ 'node', '/usr/local/bin/npm', 'install', 'tumbler.js' ]
2 info using npm@1.4.28
3 info using node@v0.10.35
4 verbose cache add [ 'tumbler.js', null ]
5 verbose cache add name=undefined spec="tumbler.js" args=["tumbler.js",null]
6 verbose parsed url { protocol: null,
6 verbose parsed url   slashes: null,
6 verbose parsed url   auth: null,
6 verbose parsed url   host: null,
6 verbose parsed url   port: null,
6 verbose parsed url   hostname: null,
6 verbose parsed url   hash: null,
6 verbose parsed url   search: null,
6 verbose parsed url   query: null,
6 verbose parsed url   pathname: 'tumbler.js',
6 verbose parsed url   path: 'tumbler.js',
6 verbose parsed url   href: 'tumbler.js' }
7 silly lockFile a823bab1-tumbler-js tumbler.js
8 verbose lock tumbler.js /Users/Anthony/.npm/a823bab1-tumbler-js.lock
9 silly lockFile a823bab1-tumbler-js tumbler.js
10 silly lockFile a823bab1-tumbler-js tumbler.js
11 verbose addNamed [ 'tumbler.js', '' ]
12 verbose addNamed [ null, '*' ]
13 silly lockFile 23b5b9c1-tumbler-js tumbler.js@
14 verbose lock tumbler.js@ /Users/Anthony/.npm/23b5b9c1-tumbler-js.lock
15 silly addNameRange { name: 'tumbler.js', range: '*', hasData: false }
16 verbose request where is /tumbler.js
17 verbose request registry https://registry.npmjs.org/
18 verbose request id e0a396d8a6650172
19 verbose url raw /tumbler.js
20 verbose url resolving [ 'https://registry.npmjs.org/', './tumbler.js' ]
21 verbose url resolved https://registry.npmjs.org/tumbler.js
22 verbose request where is https://registry.npmjs.org/tumbler.js
23 info trying registry request attempt 1 at 15:52:52
24 http GET https://registry.npmjs.org/tumbler.js
25 http 404 https://registry.npmjs.org/tumbler.js
26 silly registry.get cb [ 404,
26 silly registry.get   { 'content-type': 'application/json',
26 silly registry.get     'cache-control': 'max-age=0',
26 silly registry.get     'content-length': '2',
26 silly registry.get     'accept-ranges': 'bytes',
26 silly registry.get     date: 'Thu, 07 Jan 2016 20:52:52 GMT',
26 silly registry.get     via: '1.1 varnish',
26 silly registry.get     age: '0',
26 silly registry.get     connection: 'keep-alive',
26 silly registry.get     'x-served-by': 'cache-iad2134-IAD',
26 silly registry.get     'x-cache': 'MISS',
26 silly registry.get     'x-cache-hits': '0',
26 silly registry.get     'x-timer': 'S1452199972.731940,VS0,VE99' } ]
27 silly lockFile 23b5b9c1-tumbler-js tumbler.js@
28 silly lockFile 23b5b9c1-tumbler-js tumbler.js@
29 error 404 Not Found
29 error 404
29 error 404 'tumbler.js' is not in the npm registry.
29 error 404 You should bug the author to publish it
29 error 404
29 error 404 Maybe try 'npm search tumbler'
29 error 404
29 error 404 Note that you can also install from a
29 error 404 tarball, folder, or http url, or git url.
30 error System Darwin 14.4.0
31 error command "node" "/usr/local/bin/npm" "install" "tumbler.js"
32 error cwd /Users/Anthony/web_projects/fullstack/tumblr_mailer
33 error node -v v0.10.35
34 error npm -v 1.4.28
35 error code E404
36 verbose exit [ 1, true ]
